    1  ansible
    2  pip install ansible
    3  sudo pip install ansible
    4  ansible
    5  ansible -c local
    6  ansible localhost -c local
    7  ansible localhost -c local -v
    8  ansible localhost -c local -m ping
    9  ansible -m ping
   10  ansible localhost -m ping
   11  ansible localhost -a "/bin/echo hello"
   12  yum list | grep java7
   13  yum list | grep java8
   14  yum list | grep java
   15  sudo yum install java-1.8.0-openjdk-devel.x86_64
   16  java -version
   17  yum list installed | grep java
   18  yum remove java-1.7.0-openjdk.x86_64
   19  sudo yum remove java-1.7.0-openjdk.x86_64
   20  java -version
   21  javac
   22  echo $JAVA_HOME
   23  ls /usr/lib/jvm
   24  ls /usr/lib/jvm/jre
   25  ls /usr/lib/jvm/jre/bin
   26  ansible-playbook  https://github.com/zkarov/devops/blob/master/git_pb
   27  wget https://github.com/zkarov/devops/blob/master/git_pb
   28  ansible-playbook git_pb 
   29  vi git_pb 
   30  vi playboot
   31  ansible-playbook playboot 
   32  docker image centos6
   33  docker pull centos6
   34  cat /etc/group
   35  docker -p
   36  docker pull centosd
   37  docker pull centos
   38  ps ax
   39  docker ps -a
   40  su
   41  docker run -d -p 8181:8080 mattgruter/artifactory
   42  docker ps -a
   43  docker ps 
   44  ls
   45  cat playboot 
   46  cd devops/
   47  ls
   48  git add Dockerfile 
   49  git commit -m "Dockerfile"
   50  git push
   51  docker images
   52  type Dockerfile 
   53  cat Dockerfile 
   54  docker run -it centos:6
   55  mkdir maven1
   56  mkdir maven2
   57  mkdir maven3
   58  cp Dockerfile maven1
   59  cp Dockerfile maven2
   60  cp Dockerfile maven3
   61  ls -lR
   62  cd maven1
   63  vi Dockerfile 
   64  docker build -t maven1 .
   65  vi Dockerfile 
   66  docker build -t maven1 .
   67  vi Dockerfile 
   68  docker build -t maven1 .
   69  docker images
   70  cp Dockerfile ../maven2
   71  cd ../maven2
   72  vi Dockerfile 
   73  docker build -t maven2 .
   74  vi Dockerfile 
   75  docker build -t maven2 .
   76  docker images
   77  cd ..
   78  cd maven3
   79  cp ../maven2/Dockerfile 
   80  cp ../maven2/Dockerfile .
   81  ls -l
   82  vi Dockerfile 
   83  wget http://apache.spd.co.il/maven/maven-3/3.3.9/binaries/apache-maven-3.3.9-bin.tar.gz
   84  tar xzvf apache-maven-3.3.9-bin.tar.gz 
   85  vi Dockerfile 
   86  docker build -t maven3 .
   87  docker images
   88  history >history.log
